TN:
SF:src/build-combined-plugin.ts
FN:6,buildCombinedPlugin
FNF:1
FNH:1
FNDA:2,buildCombinedPlugin
DA:1,2
DA:2,2
DA:3,2
DA:4,2
DA:6,2
DA:7,2
DA:8,2
DA:9,2
DA:10,3
DA:11,3
DA:13,2
LF:11
LH:11
BRF:0
BRH:0
end_of_record
TN:
SF:src/combine-async-functions.ts
FN:1,combineAsyncFunctions
FN:3,(anonymous_1)
FN:6,(anonymous_2)
FN:7,(anonymous_3)
FNF:4
FNH:4
FNDA:7,combineAsyncFunctions
FNDA:6,(anonymous_1)
FNDA:10,(anonymous_2)
FNDA:10,(anonymous_3)
DA:1,4
DA:2,7
DA:3,7
DA:4,6
DA:5,5
DA:6,5
DA:7,10
LF:7
LH:7
BRDA:4,0,0,1
BRDA:4,0,1,5
BRDA:4,1,0,6
BRDA:4,1,1,2
BRF:4
BRH:4
end_of_record
TN:
SF:src/combine-functions.ts
FN:5,combineFunctions
FNF:1
FNH:1
FNDA:5,combineFunctions
DA:2,3
DA:3,3
DA:5,3
DA:6,5
DA:7,1
LF:5
LH:5
BRDA:6,0,0,4
BRDA:6,0,1,1
BRF:2
BRH:2
end_of_record
TN:
SF:src/combine-sync-functions.ts
FN:1,combineSyncFunctions
FN:4,(anonymous_1)
FN:7,(anonymous_2)
FNF:3
FNH:3
FNDA:4,combineSyncFunctions
FNDA:6,(anonymous_1)
FNDA:10,(anonymous_2)
DA:1,4
DA:2,4
DA:3,4
DA:4,4
DA:5,6
DA:6,5
DA:7,10
DA:8,5
LF:8
LH:8
BRDA:5,0,0,1
BRDA:5,0,1,5
BRDA:5,1,0,6
BRDA:5,1,1,2
BRF:4
BRH:4
end_of_record
TN:
SF:src/combined-hooks.ts
FN:4,combinedHooks
FN:5,(anonymous_1)
FN:6,(anonymous_2)
FN:6,(anonymous_3)
FN:6,(anonymous_4)
FNF:5
FNH:5
FNDA:4,combinedHooks
FNDA:7,(anonymous_1)
FNDA:10,(anonymous_2)
FNDA:117,(anonymous_3)
FNDA:10,(anonymous_4)
DA:1,3
DA:2,3
DA:4,3
DA:5,7
DA:6,117
LF:5
LH:5
BRF:0
BRH:0
end_of_record
TN:
SF:src/hooks.ts
FNF:0
FNH:0
DA:7,4
LF:1
LH:1
BRF:0
BRH:0
end_of_record
TN:
SF:src/main.ts
FN:4,default_1
FNF:1
FNH:1
FNDA:1,default_1
DA:2,1
DA:4,1
DA:5,1
LF:3
LH:3
BRDA:4,0,0,1
BRDA:4,1,0,1
BRF:2
BRH:2
end_of_record
TN:
SF:src/relevant-plugins.ts
FN:1,relevantPlugins
FN:2,(anonymous_1)
FNF:2
FNH:2
FNDA:4,relevantPlugins
FNDA:11,(anonymous_1)
DA:1,3
DA:2,11
LF:2
LH:2
BRDA:2,0,0,11
BRDA:2,0,1,6
BRF:2
BRH:2
end_of_record
